[2025-08-16 04:27:53] MAIN: Starting GitHub activity automation...
[2025-08-16 04:27:53] MAIN: Running daily commit automation...
[2025-08-16 04:27:53] Starting daily commit automation...
[2025-08-16 04:27:53] Creating activity file...
[2025-08-16 04:27:54] Commit created successfully
[2025-08-16 04:27:55] Daily commit automation completed successfully
[2025-08-16 04:27:55] MAIN: Not Monday (day 6) - skipping weekly PR automation
[2025-08-16 04:27:55] MAIN: GitHub activity automation completed successfully
[2025-08-16 04:29:05] MAIN: Starting GitHub activity automation...
[2025-08-16 04:29:05] MAIN: Running daily commit automation...
[2025-08-16 04:29:05] Starting daily commit automation...
[2025-08-16 04:29:05] Commit created successfully
[2025-08-16 04:29:06] Daily commit automation completed successfully
[2025-08-16 04:29:06] MAIN: Not Monday (day 6) - skipping weekly PR automation
[2025-08-16 04:29:06] MAIN: GitHub activity automation completed successfully
[2025-08-16 04:29:10] MAIN: Starting GitHub activity automation...
[2025-08-16 04:29:10] MAIN: Running daily commit automation...
[2025-08-16 04:29:10] Starting daily commit automation...
[2025-08-16 04:29:10] Commit created successfully
[2025-08-16 04:29:11] Daily commit automation completed successfully
[2025-08-16 04:29:11] MAIN: Not Monday (day 6) - skipping weekly PR automation
[2025-08-16 04:29:11] MAIN: GitHub activity automation completed successfully
[2025-08-16 04:29:16] Starting weekly PR automation...
[2025-08-16 04:29:16] Created branch: feature/weekly-updates-w33-2025
[2025-08-16 04:29:16] Committed changes to feature branch
[2025-08-16 04:29:17] Pushed branch to remote
[2025-08-16 04:30:34] Starting weekly PR automation...
[2025-08-16 04:30:34] Created branch: feature/weekly-updates-w33-2025
[2025-08-16 04:30:34] Committed changes to feature branch
[2025-08-16 04:30:35] Pushed branch to remote
[2025-08-16 04:30:59] Starting weekly PR automation...
[2025-08-16 04:30:59] Created branch: feature/weekly-updates-w33-2025
[2025-08-16 04:30:59] Committed changes to feature branch
[2025-08-16 04:31:00] Pushed branch to remote
[2025-08-16 04:31:04] PR created successfully: Weekly Updates - Week 33, 2025
[2025-08-16 04:31:04] PR URL: https://github.com/cultureic/github-activity-bot/pull/1
[2025-08-16 04:31:06] Auto-merging PR #1...
[2025-08-16 04:31:10] PR merged and branch deleted
[2025-08-16 04:31:10] Weekly PR automation completed successfully
[2025-08-16 04:32:24] MAIN: Starting GitHub activity automation...
[2025-08-16 04:32:24] MAIN: Running daily commit automation...
[2025-08-16 04:32:24] Starting daily commit automation...
[2025-08-16 04:32:24] Commit created successfully
[2025-08-16 04:32:25] Daily commit automation completed successfully
[2025-08-16 04:32:25] MAIN: Not Monday (day 6) - skipping weekly PR automation
[2025-08-16 04:32:25] MAIN: GitHub activity automation completed successfully
[2025-08-16 04:37:43] SCANNER: Starting daily activity scan...
[2025-08-16 04:37:43] SCANNER: Scanning repository: /Users/cesarangulo/Documents/icp/ckPayment
[2025-08-16 04:37:43] SCANNER: Scanning repository: /Users/cesarangulo/Documents/icp/BurnRoulette
[2025-08-16 04:37:43] SCANNER: Scanning repository: /Users/cesarangulo/Documents/icp/dvinity
[2025-08-16 04:37:44] SCANNER: Activity scan completed. Summary: Active day: 11 commits across 1 repositories. Working on ckPayment (stage-2-wl branch). Languages: JS/TS (44 files) Python (1 files) Rust (4 files) 
[2025-08-16 04:37:48] Starting daily commit automation...
[2025-08-16 04:37:48] Scanning for daily activity across monitored repositories...
[2025-08-16 04:37:48] SCANNER: Starting daily activity scan...
[2025-08-16 04:37:48] SCANNER: Scanning repository: /Users/cesarangulo/Documents/icp/ckPayment
[2025-08-16 04:37:48] SCANNER: Scanning repository: /Users/cesarangulo/Documents/icp/BurnRoulette
[2025-08-16 04:37:48] SCANNER: Scanning repository: /Users/cesarangulo/Documents/icp/dvinity
[2025-08-16 04:37:49] SCANNER: Activity scan completed. Summary: Active day: 11 commits across 1 repositories. Working on ckPayment (stage-2-wl branch). Languages: JS/TS (44 files) Python (1 files) Rust (4 files) 
[2025-08-16 04:37:49] Activity summary: [2025-08-16 04:37:48] SCANNER: Starting daily activity scan...
[2025-08-16 04:37:48] SCANNER: Scanning repository: /Users/cesarangulo/Documents/icp/ckPayment
[2025-08-16 04:37:48] SCANNER: Scanning repository: /Users/cesarangulo/Documents/icp/BurnRoulette
[2025-08-16 04:37:48] SCANNER: Scanning repository: /Users/cesarangulo/Documents/icp/dvinity
Active day: 11 commits across 1 repositories. Working on ckPayment (stage-2-wl branch). Languages: JS/TS (44 files) Python (1 files) Rust (4 files) 
[2025-08-16 04:37:49] SCANNER: Activity scan completed. Summary: Active day: 11 commits across 1 repositories. Working on ckPayment (stage-2-wl branch). Languages: JS/TS (44 files) Python (1 files) Rust (4 files) 
[2025-08-16 04:37:49] Commit created successfully
[2025-08-16 04:37:50] Daily commit automation completed successfully
[2025-08-16 04:38:57] Starting daily commit automation...
[2025-08-16 04:38:57] Scanning for daily activity across monitored repositories...
[2025-08-16 04:38:57] SCANNER: Starting daily activity scan...
[2025-08-16 04:38:57] SCANNER: Scanning repository: /Users/cesarangulo/Documents/icp/ckPayment
[2025-08-16 04:38:58] SCANNER: Scanning repository: /Users/cesarangulo/Documents/icp/BurnRoulette
[2025-08-16 04:38:58] SCANNER: Scanning repository: /Users/cesarangulo/Documents/icp/dvinity
[2025-08-16 04:38:58] Activity summary: [2025-08-16 04:38:57] SCANNER: Starting daily activity scan...
[2025-08-16 04:38:57] SCANNER: Scanning repository: /Users/cesarangulo/Documents/icp/ckPayment
[2025-08-16 04:38:58] SCANNER: Scanning repository: /Users/cesarangulo/Documents/icp/BurnRoulette
[2025-08-16 04:38:58] SCANNER: Scanning repository: /Users/cesarangulo/Documents/icp/dvinity
Active day: 11 commits across 1 repositories. Working on ckPayment (stage-2-wl branch). Languages: JS/TS (44 files) Python (1 files) Rust (4 files) 
[2025-08-16 04:38:58] Commit created successfully
[2025-08-16 04:38:59] Daily commit automation completed successfully
[2025-08-16 04:39:58] Starting daily commit automation...
[2025-08-16 04:39:58] Scanning for daily activity across monitored repositories...
[2025-08-16 04:39:58] SCANNER: Starting daily activity scan...
[2025-08-16 04:39:58] SCANNER: Scanning repository: ~/Documents/icp/ckPayment
[2025-08-16 04:39:58] SCANNER: Scanning repository: ~/Documents/icp/BurnRoulette
[2025-08-16 04:39:58] SCANNER: Scanning repository: ~/Documents/icp/dvinity
[2025-08-16 04:39:58] Activity summary: [2025-08-16 04:39:58] SCANNER: Starting daily activity scan...
[2025-08-16 04:39:58] SCANNER: Scanning repository: ~/Documents/icp/ckPayment
[2025-08-16 04:39:58] SCANNER: Scanning repository: ~/Documents/icp/BurnRoulette
[2025-08-16 04:39:58] SCANNER: Scanning repository: ~/Documents/icp/dvinity
Active day: 11 commits across 1 repositories. Working on ckPayment (stage-2-wl branch). Languages: JS/TS (44 files) Python (1 files) Rust (4 files) 
[2025-08-16 04:39:58] Commit created successfully
[2025-08-16 04:40:00] Daily commit automation completed successfully
